E:\LFF\VS_PROJECT\AIRPLANEWAR\AIRPLANEWAR\DEBUG\AIRPLANEWAR.PCH
E:\LFF\VS_PROJECT\AIRPLANEWAR\AIRPLANEWAR\DEBUG\STDAFX.OBJ
E:\LFF\VS_PROJECT\AIRPLANEWAR\AIRPLANEWAR\DEBUG\VC110.PDB
E:\LFF\VS_PROJECT\AIRPLANEWAR\AIRPLANEWAR\DEBUG\AIRPLANEWAR.OBJ
E:\LFF\VS_PROJECT\AIRPLANEWAR\AIRPLANEWAR\DEBUG\AIRPLANEWARDOC.OBJ
E:\LFF\VS_PROJECT\AIRPLANEWAR\AIRPLANEWAR\DEBUG\AIRPLANEWARVIEW.OBJ
E:\LFF\VS_PROJECT\AIRPLANEWAR\AIRPLANEWAR\DEBUG\GAME.OBJ
E:\LFF\VS_PROJECT\AIRPLANEWAR\AIRPLANEWAR\DEBUG\MAINFRM.OBJ
E:\LFF\VS_PROJECT\AIRPLANEWAR\DEBUG\AIRPLANEWAR.ILK
E:\LFF\VS_PROJECT\AIRPLANEWAR\DEBUG\AIRPLANEWAR.EXE
E:\LFF\VS_PROJECT\AIRPLANEWAR\DEBUG\AIRPLANEWAR.PDB
E:\LFF\VS_PROJECT\AIRPLANEWAR\AIRPLANEWAR\DEBUG\AIRPLANEWAR.RES
E:\lff\VS_project\AirplaneWar\AirplaneWar\Debug\AirplaneWar.obj
E:\lff\VS_project\AirplaneWar\AirplaneWar\Debug\AirplaneWarDoc.obj
E:\lff\VS_project\AirplaneWar\AirplaneWar\Debug\game.obj
E:\lff\VS_project\AirplaneWar\AirplaneWar\Debug\MainFrm.obj
E:\lff\VS_project\AirplaneWar\AirplaneWar\Debug\stdafx.obj
E:\lff\VS_project\AirplaneWar\AirplaneWar\Debug\cl.command.1.tlog
E:\lff\VS_project\AirplaneWar\AirplaneWar\Debug\CL.read.1.tlog
E:\lff\VS_project\AirplaneWar\AirplaneWar\Debug\CL.write.1.tlog
E:\lff\VS_project\AirplaneWar\AirplaneWar\Debug\link-cvtres.read.1.tlog
E:\lff\VS_project\AirplaneWar\AirplaneWar\Debug\link-cvtres.write.1.tlog
E:\lff\VS_project\AirplaneWar\AirplaneWar\Debug\link-mt.read.1.tlog
E:\lff\VS_project\AirplaneWar\AirplaneWar\Debug\link-mt.write.1.tlog
E:\lff\VS_project\AirplaneWar\AirplaneWar\Debug\link-rc.read.1.tlog
E:\lff\VS_project\AirplaneWar\AirplaneWar\Debug\link-rc.write.1.tlog
E:\lff\VS_project\AirplaneWar\AirplaneWar\Debug\link.1556-cvtres.read.1.tlog
E:\lff\VS_project\AirplaneWar\AirplaneWar\Debug\link.1556-cvtres.write.1.tlog
E:\lff\VS_project\AirplaneWar\AirplaneWar\Debug\link.1556-mt.read.1.tlog
E:\lff\VS_project\AirplaneWar\AirplaneWar\Debug\link.1556-mt.write.1.tlog
E:\lff\VS_project\AirplaneWar\AirplaneWar\Debug\link.1556-rc.read.1.tlog
E:\lff\VS_project\AirplaneWar\AirplaneWar\Debug\link.1556-rc.write.1.tlog
E:\lff\VS_project\AirplaneWar\AirplaneWar\Debug\link.1556.read.1.tlog
E:\lff\VS_project\AirplaneWar\AirplaneWar\Debug\link.1556.write.1.tlog
E:\lff\VS_project\AirplaneWar\AirplaneWar\Debug\link.9012-cvtres.read.1.tlog
E:\lff\VS_project\AirplaneWar\AirplaneWar\Debug\link.9012-cvtres.write.1.tlog
E:\lff\VS_project\AirplaneWar\AirplaneWar\Debug\link.9012-mt.read.1.tlog
E:\lff\VS_project\AirplaneWar\AirplaneWar\Debug\link.9012-mt.write.1.tlog
E:\lff\VS_project\AirplaneWar\AirplaneWar\Debug\link.9012-rc.read.1.tlog
E:\lff\VS_project\AirplaneWar\AirplaneWar\Debug\link.9012-rc.write.1.tlog
E:\lff\VS_project\AirplaneWar\AirplaneWar\Debug\link.9012.read.1.tlog
E:\lff\VS_project\AirplaneWar\AirplaneWar\Debug\link.9012.write.1.tlog
E:\lff\VS_project\AirplaneWar\AirplaneWar\Debug\link.9212-cvtres.read.1.tlog
E:\lff\VS_project\AirplaneWar\AirplaneWar\Debug\link.9212-cvtres.write.1.tlog
E:\lff\VS_project\AirplaneWar\AirplaneWar\Debug\link.9212-mt.read.1.tlog
E:\lff\VS_project\AirplaneWar\AirplaneWar\Debug\link.9212-mt.write.1.tlog
E:\lff\VS_project\AirplaneWar\AirplaneWar\Debug\link.9212-rc.read.1.tlog
E:\lff\VS_project\AirplaneWar\AirplaneWar\Debug\link.9212-rc.write.1.tlog
E:\lff\VS_project\AirplaneWar\AirplaneWar\Debug\link.9212.read.1.tlog
E:\lff\VS_project\AirplaneWar\AirplaneWar\Debug\link.9212.write.1.tlog
E:\lff\VS_project\AirplaneWar\AirplaneWar\Debug\link.9736-cvtres.read.1.tlog
E:\lff\VS_project\AirplaneWar\AirplaneWar\Debug\link.9736-cvtres.write.1.tlog
E:\lff\VS_project\AirplaneWar\AirplaneWar\Debug\link.9736-mt.read.1.tlog
E:\lff\VS_project\AirplaneWar\AirplaneWar\Debug\link.9736-mt.write.1.tlog
E:\lff\VS_project\AirplaneWar\AirplaneWar\Debug\link.9736-rc.read.1.tlog
E:\lff\VS_project\AirplaneWar\AirplaneWar\Debug\link.9736-rc.write.1.tlog
E:\lff\VS_project\AirplaneWar\AirplaneWar\Debug\link.9736.read.1.tlog
E:\lff\VS_project\AirplaneWar\AirplaneWar\Debug\link.9736.write.1.tlog
E:\lff\VS_project\AirplaneWar\AirplaneWar\Debug\link.command.1.tlog
E:\lff\VS_project\AirplaneWar\AirplaneWar\Debug\link.read.1.tlog
E:\lff\VS_project\AirplaneWar\AirplaneWar\Debug\link.write.1.tlog
E:\lff\VS_project\AirplaneWar\AirplaneWar\Debug\rc.command.1.tlog
E:\lff\VS_project\AirplaneWar\AirplaneWar\Debug\rc.read.1.tlog
E:\lff\VS_project\AirplaneWar\AirplaneWar\Debug\rc.write.1.tlog
E:\lff\VS_project\AirplaneWar\AirplaneWar\Debug\AirplaneWar.res
E:\lff\VS_project\AirplaneWar\AirplaneWar\Debug\AirplaneWar.pch
E:\lff\VS_project\AirplaneWar\AirplaneWar\Debug\vc110.idb
E:\lff\VS_project\AirplaneWar\AirplaneWar\Debug\vc110.pdb
E:\lff\VS_project\AirplaneWar\Debug\AirplaneWar.pdb
E:\lff\VS_project\AirplaneWar\Debug\AirplaneWar.exe
E:\lff\VS_project\AirplaneWar\Debug\AirplaneWar.ilk
